[debug] [2026-04-09T21:25:08.130Z] ----------------------------------------------------------------------
[debug] [2026-04-09T21:25:08.131Z] Command:       C:\Program Files\nodejs\node.exe C:\Users\pitru\AppData\Roaming\npm\node_modules\firebase-tools\lib\bin\firebase.js apphosting:backends:create --project alarmy-serwis
[debug] [2026-04-09T21:25:08.132Z] CLI Version:   15.14.0
[debug] [2026-04-09T21:25:08.132Z] Platform:      win32
[debug] [2026-04-09T21:25:08.132Z] Node Version:  v24.14.0
[debug] [2026-04-09T21:25:08.132Z] Time:          Thu Apr 09 2026 23:25:08 GMT+0200 (czas środkowoeuropejski letni)
[debug] [2026-04-09T21:25:08.132Z] ----------------------------------------------------------------------
[debug] 
[debug] [2026-04-09T21:25:08.253Z] > command requires scopes: ["email","openid","https://www.googleapis.com/auth/cloudplatformprojects.readonly","https://www.googleapis.com/auth/firebase","https://www.googleapis.com/auth/cloud-platform"]
[debug] [2026-04-09T21:25:08.253Z] > authorizing via signed-in user (pitrus42@gmail.com)
[debug] [2026-04-09T21:25:08.254Z] Checked if tokens are valid: true, expires at: 1775772320787
[debug] [2026-04-09T21:25:08.254Z] Checked if tokens are valid: true, expires at: 1775772320787
[debug] [2026-04-09T21:25:08.254Z] >>> [apiv2][query] GET https://serviceusage.googleapis.com/v1/projects/alarmy-serwis/services/firebaseapphosting.googleapis.com [none]
[debug] [2026-04-09T21:25:08.254Z] >>> [apiv2][(partial)header] GET https://serviceusage.googleapis.com/v1/projects/alarmy-serwis/services/firebaseapphosting.googleapis.com  x-goog-user-project=alarmy-serwis
[debug] [2026-04-09T21:25:09.236Z] <<< [apiv2][status] GET https://serviceusage.googleapis.com/v1/projects/alarmy-serwis/services/firebaseapphosting.googleapis.com 200
[debug] [2026-04-09T21:25:09.236Z] <<< [apiv2][body] GET https://serviceusage.googleapis.com/v1/projects/alarmy-serwis/services/firebaseapphosting.googleapis.com [omitted]
[debug] [2026-04-09T21:25:09.236Z] Checked if tokens are valid: true, expires at: 1775772320787
[debug] [2026-04-09T21:25:09.236Z] Checked if tokens are valid: true, expires at: 1775772320787
[debug] [2026-04-09T21:25:09.236Z] >>> [apiv2][query] POST https://serviceusage.googleapis.com/v1/projects/alarmy-serwis/services/firebaseapphosting.googleapis.com:enable [none]
[debug] [2026-04-09T21:25:09.236Z] >>> [apiv2][(partial)header] POST https://serviceusage.googleapis.com/v1/projects/alarmy-serwis/services/firebaseapphosting.googleapis.com:enable  x-goog-user-project=alarmy-serwis
[debug] [2026-04-09T21:25:10.619Z] <<< [apiv2][status] POST https://serviceusage.googleapis.com/v1/projects/alarmy-serwis/services/firebaseapphosting.googleapis.com:enable 200
[debug] [2026-04-09T21:25:10.619Z] <<< [apiv2][body] POST https://serviceusage.googleapis.com/v1/projects/alarmy-serwis/services/firebaseapphosting.googleapis.com:enable [omitted]
[debug] [2026-04-09T21:25:20.633Z] Checked if tokens are valid: true, expires at: 1775772320787
[debug] [2026-04-09T21:25:20.633Z] Checked if tokens are valid: true, expires at: 1775772320787
[debug] [2026-04-09T21:25:20.633Z] >>> [apiv2][query] GET https://mobilesdk-pa.googleapis.com/v1/accessmanagement/tos:getStatus [none]
[debug] [2026-04-09T21:25:21.103Z] <<< [apiv2][status] GET https://mobilesdk-pa.googleapis.com/v1/accessmanagement/tos:getStatus 200
[debug] [2026-04-09T21:25:21.103Z] <<< [apiv2][body] GET https://mobilesdk-pa.googleapis.com/v1/accessmanagement/tos:getStatus {"overallStatus":"ACCEPTED","uTosStatus":{"tos":{"id":"firebase","tosId":"FIREBASE_UNIVERSAL"},"status":"ACCEPTED","acceptedVersion":7},"childTosStatus":[{"tos":{"id":"cloud","tosId":"CLOUD_PLATFORM"},"status":"ACCEPTED","acceptedVersion":39},{"tos":{"id":"firebase_b2b","tosId":"FIREBASE_B2B"},"status":"ACCEPTED","acceptedVersion":1},{"tos":{"id":"universal","tosId":"GOOGLE_APIS"},"status":"ACCEPTED","acceptedVersion":6}],"termsUrl":"https://firebase.google.com/terms","perServiceStatus":[{"tosId":"APP_CHECK","serviceStatus":{"tos":{"id":"app_check","tosId":"APP_CHECK"},"status":"ACCEPTED","acceptedVersion":3}},{"tosId":"APP_HOSTING_TOS","serviceStatus":{"tos":{"id":"app_hosting","tosId":"APP_HOSTING_TOS"},"status":"ACCEPTED","acceptedVersion":3}},{"tosId":"FIREBASE_DATA_CONNECT","serviceStatus":{"tos":{"id":"data_connect","tosId":"FIREBASE_DATA_CONNECT"},"status":"ACCEPTED","acceptedVersion":3}},{"tosId":"CORE_APPS","serviceStatus":{"tos":{"id":"core_apps","tosId":"CORE_APPS"},"status":"ACCEPTED","acceptedVersion":1}},{"tosId":"VERTEX_AI_IN_FIREBASE","serviceStatus":{"tos":{"id":"vertex_ai_in_firebase","tosId":"VERTEX_AI_IN_FIREBASE"},"status":"ACCEPTED","acceptedVersion":2}},{"tosId":"FIREBASE_CRASHLYTICS_APP_DISTRIBUTION","serviceStatus":{"tos":{"id":"firebase_crashlytics_app_distribution","tosId":"FIREBASE_CRASHLYTICS_APP_DISTRIBUTION"},"status":"ACCEPTED","acceptedVersion":4}},{"tosId":"GENERATIVE_LANGUAGE","serviceStatus":{"tos":{"id":"generative-language-api","tosId":"GENERATIVE_LANGUAGE"},"status":"NEVER_ACCEPTED","acceptedVersion":3}}]}
[debug] [2026-04-09T21:25:21.103Z] Checked if tokens are valid: true, expires at: 1775772320787
[debug] [2026-04-09T21:25:21.103Z] Checked if tokens are valid: true, expires at: 1775772320787
[debug] [2026-04-09T21:25:21.104Z] Checked if tokens are valid: true, expires at: 1775772320787
[debug] [2026-04-09T21:25:21.104Z] Checked if tokens are valid: true, expires at: 1775772320787
[debug] [2026-04-09T21:25:21.104Z] Checked if tokens are valid: true, expires at: 1775772320787
[debug] [2026-04-09T21:25:21.104Z] Checked if tokens are valid: true, expires at: 1775772320787
[debug] [2026-04-09T21:25:21.104Z] Checked if tokens are valid: true, expires at: 1775772320787
[debug] [2026-04-09T21:25:21.104Z] Checked if tokens are valid: true, expires at: 1775772320787
[debug] [2026-04-09T21:25:21.104Z] Checked if tokens are valid: true, expires at: 1775772320787
[debug] [2026-04-09T21:25:21.104Z] Checked if tokens are valid: true, expires at: 1775772320787
[debug] [2026-04-09T21:25:21.104Z] Checked if tokens are valid: true, expires at: 1775772320787
[debug] [2026-04-09T21:25:21.104Z] Checked if tokens are valid: true, expires at: 1775772320787
[debug] [2026-04-09T21:25:21.104Z] >>> [apiv2][query] GET https://serviceusage.googleapis.com/v1/projects/alarmy-serwis/services/developerconnect.googleapis.com [none]
[debug] [2026-04-09T21:25:21.104Z] >>> [apiv2][(partial)header] GET https://serviceusage.googleapis.com/v1/projects/alarmy-serwis/services/developerconnect.googleapis.com  x-goog-user-project=alarmy-serwis
[debug] [2026-04-09T21:25:21.105Z] >>> [apiv2][query] GET https://serviceusage.googleapis.com/v1/projects/alarmy-serwis/services/cloudbuild.googleapis.com [none]
[debug] [2026-04-09T21:25:21.105Z] >>> [apiv2][(partial)header] GET https://serviceusage.googleapis.com/v1/projects/alarmy-serwis/services/cloudbuild.googleapis.com  x-goog-user-project=alarmy-serwis
[debug] [2026-04-09T21:25:21.106Z] >>> [apiv2][query] GET https://serviceusage.googleapis.com/v1/projects/alarmy-serwis/services/secretmanager.googleapis.com [none]
[debug] [2026-04-09T21:25:21.106Z] >>> [apiv2][(partial)header] GET https://serviceusage.googleapis.com/v1/projects/alarmy-serwis/services/secretmanager.googleapis.com  x-goog-user-project=alarmy-serwis
[debug] [2026-04-09T21:25:21.106Z] >>> [apiv2][query] GET https://serviceusage.googleapis.com/v1/projects/alarmy-serwis/services/run.googleapis.com [none]
[debug] [2026-04-09T21:25:21.106Z] >>> [apiv2][(partial)header] GET https://serviceusage.googleapis.com/v1/projects/alarmy-serwis/services/run.googleapis.com  x-goog-user-project=alarmy-serwis
[debug] [2026-04-09T21:25:21.107Z] >>> [apiv2][query] GET https://serviceusage.googleapis.com/v1/projects/alarmy-serwis/services/artifactregistry.googleapis.com [none]
[debug] [2026-04-09T21:25:21.107Z] >>> [apiv2][(partial)header] GET https://serviceusage.googleapis.com/v1/projects/alarmy-serwis/services/artifactregistry.googleapis.com  x-goog-user-project=alarmy-serwis
[debug] [2026-04-09T21:25:21.108Z] >>> [apiv2][query] GET https://serviceusage.googleapis.com/v1/projects/alarmy-serwis/services/iam.googleapis.com [none]
[debug] [2026-04-09T21:25:21.108Z] >>> [apiv2][(partial)header] GET https://serviceusage.googleapis.com/v1/projects/alarmy-serwis/services/iam.googleapis.com  x-goog-user-project=alarmy-serwis
[debug] [2026-04-09T21:25:22.164Z] <<< [apiv2][status] GET https://serviceusage.googleapis.com/v1/projects/alarmy-serwis/services/developerconnect.googleapis.com 200
[debug] [2026-04-09T21:25:22.165Z] <<< [apiv2][body] GET https://serviceusage.googleapis.com/v1/projects/alarmy-serwis/services/developerconnect.googleapis.com [omitted]
[debug] [2026-04-09T21:25:22.165Z] Checked if tokens are valid: true, expires at: 1775772320787
[debug] [2026-04-09T21:25:22.165Z] Checked if tokens are valid: true, expires at: 1775772320787
[debug] [2026-04-09T21:25:22.165Z] >>> [apiv2][query] POST https://serviceusage.googleapis.com/v1/projects/alarmy-serwis/services/developerconnect.googleapis.com:enable [none]
[debug] [2026-04-09T21:25:22.165Z] >>> [apiv2][(partial)header] POST https://serviceusage.googleapis.com/v1/projects/alarmy-serwis/services/developerconnect.googleapis.com:enable  x-goog-user-project=alarmy-serwis
[debug] [2026-04-09T21:25:22.165Z] <<< [apiv2][status] GET https://serviceusage.googleapis.com/v1/projects/alarmy-serwis/services/cloudbuild.googleapis.com 200
[debug] [2026-04-09T21:25:22.165Z] <<< [apiv2][body] GET https://serviceusage.googleapis.com/v1/projects/alarmy-serwis/services/cloudbuild.googleapis.com [omitted]
[debug] [2026-04-09T21:25:22.168Z] <<< [apiv2][status] GET https://serviceusage.googleapis.com/v1/projects/alarmy-serwis/services/artifactregistry.googleapis.com 200
[debug] [2026-04-09T21:25:22.168Z] <<< [apiv2][body] GET https://serviceusage.googleapis.com/v1/projects/alarmy-serwis/services/artifactregistry.googleapis.com [omitted]
[debug] [2026-04-09T21:25:22.169Z] <<< [apiv2][status] GET https://serviceusage.googleapis.com/v1/projects/alarmy-serwis/services/iam.googleapis.com 200
[debug] [2026-04-09T21:25:22.169Z] <<< [apiv2][body] GET https://serviceusage.googleapis.com/v1/projects/alarmy-serwis/services/iam.googleapis.com [omitted]
[debug] [2026-04-09T21:25:22.172Z] <<< [apiv2][status] GET https://serviceusage.googleapis.com/v1/projects/alarmy-serwis/services/secretmanager.googleapis.com 200
[debug] [2026-04-09T21:25:22.172Z] <<< [apiv2][body] GET https://serviceusage.googleapis.com/v1/projects/alarmy-serwis/services/secretmanager.googleapis.com [omitted]
[debug] [2026-04-09T21:25:22.173Z] <<< [apiv2][status] GET https://serviceusage.googleapis.com/v1/projects/alarmy-serwis/services/run.googleapis.com 200
[debug] [2026-04-09T21:25:22.173Z] <<< [apiv2][body] GET https://serviceusage.googleapis.com/v1/projects/alarmy-serwis/services/run.googleapis.com [omitted]
[debug] [2026-04-09T21:25:23.447Z] <<< [apiv2][status] POST https://serviceusage.googleapis.com/v1/projects/alarmy-serwis/services/developerconnect.googleapis.com:enable 200
[debug] [2026-04-09T21:25:23.448Z] <<< [apiv2][body] POST https://serviceusage.googleapis.com/v1/projects/alarmy-serwis/services/developerconnect.googleapis.com:enable [omitted]
[debug] [2026-04-09T21:25:33.461Z] Checked if tokens are valid: true, expires at: 1775772320787
[debug] [2026-04-09T21:25:33.461Z] Checked if tokens are valid: true, expires at: 1775772320787
[debug] [2026-04-09T21:25:33.461Z] >>> [apiv2][query] POST https://iam.googleapis.com/v1/projects/alarmy-serwis/serviceAccounts/firebase-app-hosting-compute@alarmy-serwis.iam.gserviceaccount.com:testIamPermissions [none]
[debug] [2026-04-09T21:25:33.461Z] >>> [apiv2][(partial)header] POST https://iam.googleapis.com/v1/projects/alarmy-serwis/serviceAccounts/firebase-app-hosting-compute@alarmy-serwis.iam.gserviceaccount.com:testIamPermissions  x-goog-user-project=alarmy-serwis
[debug] [2026-04-09T21:25:33.461Z] >>> [apiv2][body] POST https://iam.googleapis.com/v1/projects/alarmy-serwis/serviceAccounts/firebase-app-hosting-compute@alarmy-serwis.iam.gserviceaccount.com:testIamPermissions {"permissions":["iam.serviceAccounts.actAs"]}
[debug] [2026-04-09T21:25:34.396Z] <<< [apiv2][status] POST https://iam.googleapis.com/v1/projects/alarmy-serwis/serviceAccounts/firebase-app-hosting-compute@alarmy-serwis.iam.gserviceaccount.com:testIamPermissions 404
[debug] [2026-04-09T21:25:34.396Z] <<< [apiv2][body] POST https://iam.googleapis.com/v1/projects/alarmy-serwis/serviceAccounts/firebase-app-hosting-compute@alarmy-serwis.iam.gserviceaccount.com:testIamPermissions {"error":{"code":404,"message":"Unknown service account","status":"NOT_FOUND"}}
[debug] [2026-04-09T21:25:34.397Z] Checked if tokens are valid: true, expires at: 1775772320787
[debug] [2026-04-09T21:25:34.397Z] Checked if tokens are valid: true, expires at: 1775772320787
[debug] [2026-04-09T21:25:34.397Z] >>> [apiv2][query] POST https://iam.googleapis.com/v1/projects/alarmy-serwis/serviceAccounts [none]
[debug] [2026-04-09T21:25:34.397Z] >>> [apiv2][body] POST https://iam.googleapis.com/v1/projects/alarmy-serwis/serviceAccounts {"accountId":"firebase-app-hosting-compute","serviceAccount":{"displayName":"Firebase App Hosting compute service account","description":"Default service account used to run builds and deploys for Firebase App Hosting"}}
[debug] [2026-04-09T21:25:36.169Z] <<< [apiv2][status] POST https://iam.googleapis.com/v1/projects/alarmy-serwis/serviceAccounts 200
[debug] [2026-04-09T21:25:36.169Z] <<< [apiv2][body] POST https://iam.googleapis.com/v1/projects/alarmy-serwis/serviceAccounts [omitted]
[debug] [2026-04-09T21:25:36.169Z] Checked if tokens are valid: true, expires at: 1775772320787
[debug] [2026-04-09T21:25:36.169Z] Checked if tokens are valid: true, expires at: 1775772320787
[debug] [2026-04-09T21:25:36.169Z] >>> [apiv2][query] POST https://cloudresourcemanager.googleapis.com/v1/projects/alarmy-serwis:getIamPolicy [none]
[debug] [2026-04-09T21:25:37.069Z] <<< [apiv2][status] POST https://cloudresourcemanager.googleapis.com/v1/projects/alarmy-serwis:getIamPolicy 200
[debug] [2026-04-09T21:25:37.069Z] <<< [apiv2][body] POST https://cloudresourcemanager.googleapis.com/v1/projects/alarmy-serwis:getIamPolicy {"version":1,"etag":"BwZPDacjrMo=","bindings":[{"role":"roles/cloudbuild.builds.builder","members":["serviceAccount:750392845726@cloudbuild.gserviceaccount.com"]},{"role":"roles/cloudbuild.serviceAgent","members":["serviceAccount:service-750392845726@gcp-sa-cloudbuild.iam.gserviceaccount.com"]},{"role":"roles/containerregistry.ServiceAgent","members":["serviceAccount:service-750392845726@containerregistry.iam.gserviceaccount.com"]},{"role":"roles/editor","members":["serviceAccount:750392845726-compute@developer.gserviceaccount.com"]},{"role":"roles/firebase.managementServiceAgent","members":["serviceAccount:service-750392845726@gcp-sa-firebase.iam.gserviceaccount.com"]},{"role":"roles/firebase.sdkAdminServiceAgent","members":["serviceAccount:firebase-adminsdk-fbsvc@alarmy-serwis.iam.gserviceaccount.com"]},{"role":"roles/firebaseauth.admin","members":["serviceAccount:firebase-adminsdk-fbsvc@alarmy-serwis.iam.gserviceaccount.com"]},{"role":"roles/iam.serviceAccountTokenCreator","members":["serviceAccount:firebase-adminsdk-fbsvc@alarmy-serwis.iam.gserviceaccount.com"]},{"role":"roles/owner","members":["user:pitrus42@gmail.com"]},{"role":"roles/run.serviceAgent","members":["serviceAccount:service-750392845726@serverless-robot-prod.iam.gserviceaccount.com"]}]}
[debug] [2026-04-09T21:25:37.070Z] Checked if tokens are valid: true, expires at: 1775772320787
[debug] [2026-04-09T21:25:37.070Z] Checked if tokens are valid: true, expires at: 1775772320787
[debug] [2026-04-09T21:25:37.070Z] >>> [apiv2][query] POST https://cloudresourcemanager.googleapis.com/v1/projects/alarmy-serwis:setIamPolicy [none]
[debug] [2026-04-09T21:25:37.070Z] >>> [apiv2][body] POST https://cloudresourcemanager.googleapis.com/v1/projects/alarmy-serwis:setIamPolicy {"policy":{"version":1,"etag":"BwZPDacjrMo=","bindings":[{"role":"roles/cloudbuild.builds.builder","members":["serviceAccount:750392845726@cloudbuild.gserviceaccount.com"]},{"role":"roles/cloudbuild.serviceAgent","members":["serviceAccount:service-750392845726@gcp-sa-cloudbuild.iam.gserviceaccount.com"]},{"role":"roles/containerregistry.ServiceAgent","members":["serviceAccount:service-750392845726@containerregistry.iam.gserviceaccount.com"]},{"role":"roles/editor","members":["serviceAccount:750392845726-compute@developer.gserviceaccount.com"]},{"role":"roles/firebase.managementServiceAgent","members":["serviceAccount:service-750392845726@gcp-sa-firebase.iam.gserviceaccount.com"]},{"role":"roles/firebase.sdkAdminServiceAgent","members":["serviceAccount:firebase-adminsdk-fbsvc@alarmy-serwis.iam.gserviceaccount.com","serviceAccount:firebase-app-hosting-compute@alarmy-serwis.iam.gserviceaccount.com"]},{"role":"roles/firebaseauth.admin","members":["serviceAccount:firebase-adminsdk-fbsvc@alarmy-serwis.iam.gserviceaccount.com"]},{"role":"roles/iam.serviceAccountTokenCreator","members":["serviceAccount:firebase-adminsdk-fbsvc@alarmy-serwis.iam.gserviceaccount.com"]},{"role":"roles/owner","members":["user:pitrus42@gmail.com"]},{"role":"roles/run.serviceAgent","members":["serviceAccount:service-750392845726@serverless-robot-prod.iam.gserviceaccount.com"]},{"role":"roles/firebaseapphosting.computeRunner","members":["serviceAccount:firebase-app-hosting-compute@alarmy-serwis.iam.gserviceaccount.com"]},{"role":"roles/developerconnect.readTokenAccessor","members":["serviceAccount:firebase-app-hosting-compute@alarmy-serwis.iam.gserviceaccount.com"]},{"role":"roles/storage.objectViewer","members":["serviceAccount:firebase-app-hosting-compute@alarmy-serwis.iam.gserviceaccount.com"]}]},"updateMask":"bindings"}
[debug] [2026-04-09T21:25:37.750Z] <<< [apiv2][status] POST https://cloudresourcemanager.googleapis.com/v1/projects/alarmy-serwis:setIamPolicy 400
[debug] [2026-04-09T21:25:37.750Z] <<< [apiv2][body] POST https://cloudresourcemanager.googleapis.com/v1/projects/alarmy-serwis:setIamPolicy {"error":{"code":400,"message":"Service account firebase-app-hosting-compute@alarmy-serwis.iam.gserviceaccount.com does not exist.","status":"INVALID_ARGUMENT"}}
[warn] !  Your App Hosting compute service account is still being provisioned in the background. If you encounter an error, please try again after a few moments. 
[debug] [2026-04-09T21:25:37.751Z] Checked if tokens are valid: true, expires at: 1775772320787
[debug] [2026-04-09T21:25:37.751Z] Checked if tokens are valid: true, expires at: 1775772320787
[debug] [2026-04-09T21:25:37.751Z] >>> [apiv2][query] GET https://firebaseapphosting.googleapis.com/v1beta/projects/alarmy-serwis/locations 
[debug] [2026-04-09T21:25:38.679Z] <<< [apiv2][status] GET https://firebaseapphosting.googleapis.com/v1beta/projects/alarmy-serwis/locations 200
[debug] [2026-04-09T21:25:38.679Z] <<< [apiv2][body] GET https://firebaseapphosting.googleapis.com/v1beta/projects/alarmy-serwis/locations {"locations":[{"name":"projects/alarmy-serwis/locations/asia-east1","locationId":"asia-east1","displayName":"Taiwan"},{"name":"projects/alarmy-serwis/locations/asia-southeast1","locationId":"asia-southeast1","displayName":"Singapore"},{"name":"projects/alarmy-serwis/locations/europe-west4","locationId":"europe-west4","displayName":"Netherlands"},{"name":"projects/alarmy-serwis/locations/us-central1","locationId":"us-central1","displayName":"Iowa"},{"name":"projects/alarmy-serwis/locations/us-east4","locationId":"us-east4","displayName":"Northern Virginia"},{"name":"projects/alarmy-serwis/locations/us-east5","locationId":"us-east5","displayName":"Columbus"}]}
[info] +  Location set to europe-west4.
 
[info] i  === Set up your backend 
[debug] [2026-04-09T21:26:11.824Z] Checked if tokens are valid: true, expires at: 1775772320787
[debug] [2026-04-09T21:26:11.824Z] Checked if tokens are valid: true, expires at: 1775772320787
[debug] [2026-04-09T21:26:11.824Z] >>> [apiv2][query] GET https://firebaseapphosting.googleapis.com/v1beta/projects/alarmy-serwis/locations/europe-west4/backends/my-web-app [none]
[debug] [2026-04-09T21:26:12.021Z] <<< [apiv2][status] GET https://firebaseapphosting.googleapis.com/v1beta/projects/alarmy-serwis/locations/europe-west4/backends/my-web-app 404
[debug] [2026-04-09T21:26:12.021Z] <<< [apiv2][body] GET https://firebaseapphosting.googleapis.com/v1beta/projects/alarmy-serwis/locations/europe-west4/backends/my-web-app {"error":{"code":404,"message":"Resource 'projects/alarmy-serwis/locations/europe-west4/backends/my-web-app' was not found","status":"NOT_FOUND","details":[{"@type":"type.googleapis.com/google.rpc.ResourceInfo","resourceName":"projects/alarmy-serwis/locations/europe-west4/backends/my-web-app"}]}}
[info] +  Name set to my-web-app
 
[info] i  === Import a GitHub repository 
[debug] [2026-04-09T21:26:35.780Z] Checked if tokens are valid: true, expires at: 1775772320787
[debug] [2026-04-09T21:26:35.780Z] Checked if tokens are valid: true, expires at: 1775772320787
[debug] [2026-04-09T21:26:35.780Z] >>> [apiv2][query] GET https://developerconnect.googleapis.com/v1/projects/alarmy-serwis/locations/europe-west4/connections pageSize=1000&pageToken=
[debug] [2026-04-09T21:26:36.115Z] <<< [apiv2][status] GET https://developerconnect.googleapis.com/v1/projects/alarmy-serwis/locations/europe-west4/connections 200
[debug] [2026-04-09T21:26:36.115Z] <<< [apiv2][body] GET https://developerconnect.googleapis.com/v1/projects/alarmy-serwis/locations/europe-west4/connections {}
[debug] [2026-04-09T21:26:36.115Z] Checked if tokens are valid: true, expires at: 1775772320787
[debug] [2026-04-09T21:26:36.115Z] Checked if tokens are valid: true, expires at: 1775772320787
[debug] [2026-04-09T21:26:36.115Z] >>> [apiv2][query] GET https://serviceusage.googleapis.com/v1/projects/alarmy-serwis/services/cloudresourcemanager.googleapis.com [none]
[debug] [2026-04-09T21:26:36.115Z] >>> [apiv2][(partial)header] GET https://serviceusage.googleapis.com/v1/projects/alarmy-serwis/services/cloudresourcemanager.googleapis.com  x-goog-user-project=alarmy-serwis
[debug] [2026-04-09T21:26:37.059Z] <<< [apiv2][status] GET https://serviceusage.googleapis.com/v1/projects/alarmy-serwis/services/cloudresourcemanager.googleapis.com 200
[debug] [2026-04-09T21:26:37.059Z] <<< [apiv2][body] GET https://serviceusage.googleapis.com/v1/projects/alarmy-serwis/services/cloudresourcemanager.googleapis.com [omitted]
[debug] [2026-04-09T21:26:37.061Z] Checked if tokens are valid: true, expires at: 1775772320787
[debug] [2026-04-09T21:26:37.061Z] Checked if tokens are valid: true, expires at: 1775772320787
[debug] [2026-04-09T21:26:37.061Z] >>> [apiv2][query] GET https://cloudresourcemanager.googleapis.com/v1/projects/alarmy-serwis [none]
[debug] [2026-04-09T21:26:37.412Z] <<< [apiv2][status] GET https://cloudresourcemanager.googleapis.com/v1/projects/alarmy-serwis 200
[debug] [2026-04-09T21:26:37.412Z] <<< [apiv2][body] GET https://cloudresourcemanager.googleapis.com/v1/projects/alarmy-serwis {"projectNumber":"750392845726","projectId":"alarmy-serwis","lifecycleState":"ACTIVE","name":"Alarmy Serwis ","labels":{"firebase":"enabled","firebase-core":"disabled"},"createTime":"2026-04-09T19:29:56.874Z"}
[debug] [2026-04-09T21:26:37.412Z] Checked if tokens are valid: true, expires at: 1775772320787
[debug] [2026-04-09T21:26:37.412Z] Checked if tokens are valid: true, expires at: 1775772320787
[debug] [2026-04-09T21:26:37.412Z] >>> [apiv2][query] POST https://cloudresourcemanager.googleapis.com/v1/projects/alarmy-serwis:getIamPolicy [none]
[debug] [2026-04-09T21:26:38.073Z] <<< [apiv2][status] POST https://cloudresourcemanager.googleapis.com/v1/projects/alarmy-serwis:getIamPolicy 200
[debug] [2026-04-09T21:26:38.073Z] <<< [apiv2][body] POST https://cloudresourcemanager.googleapis.com/v1/projects/alarmy-serwis:getIamPolicy {"version":1,"etag":"BwZPDacjrMo=","bindings":[{"role":"roles/cloudbuild.builds.builder","members":["serviceAccount:750392845726@cloudbuild.gserviceaccount.com"]},{"role":"roles/cloudbuild.serviceAgent","members":["serviceAccount:service-750392845726@gcp-sa-cloudbuild.iam.gserviceaccount.com"]},{"role":"roles/containerregistry.ServiceAgent","members":["serviceAccount:service-750392845726@containerregistry.iam.gserviceaccount.com"]},{"role":"roles/editor","members":["serviceAccount:750392845726-compute@developer.gserviceaccount.com"]},{"role":"roles/firebase.managementServiceAgent","members":["serviceAccount:service-750392845726@gcp-sa-firebase.iam.gserviceaccount.com"]},{"role":"roles/firebase.sdkAdminServiceAgent","members":["serviceAccount:firebase-adminsdk-fbsvc@alarmy-serwis.iam.gserviceaccount.com"]},{"role":"roles/firebaseauth.admin","members":["serviceAccount:firebase-adminsdk-fbsvc@alarmy-serwis.iam.gserviceaccount.com"]},{"role":"roles/iam.serviceAccountTokenCreator","members":["serviceAccount:firebase-adminsdk-fbsvc@alarmy-serwis.iam.gserviceaccount.com"]},{"role":"roles/owner","members":["user:pitrus42@gmail.com"]},{"role":"roles/run.serviceAgent","members":["serviceAccount:service-750392845726@serverless-robot-prod.iam.gserviceaccount.com"]}]}
[info] i  To create a new GitHub connection, Secret Manager Admin role (roles/secretmanager.admin) is required on the Developer Connect Service Agent. 
[debug] [2026-04-09T21:26:50.023Z] Checked if tokens are valid: true, expires at: 1775772320787
[debug] [2026-04-09T21:26:50.023Z] Checked if tokens are valid: true, expires at: 1775772320787
[debug] [2026-04-09T21:26:50.023Z] >>> [apiv2][query] POST https://cloudresourcemanager.googleapis.com/v1/projects/alarmy-serwis:getIamPolicy [none]
[debug] [2026-04-09T21:26:50.872Z] <<< [apiv2][status] POST https://cloudresourcemanager.googleapis.com/v1/projects/alarmy-serwis:getIamPolicy 200
[debug] [2026-04-09T21:26:50.872Z] <<< [apiv2][body] POST https://cloudresourcemanager.googleapis.com/v1/projects/alarmy-serwis:getIamPolicy {"version":1,"etag":"BwZPDacjrMo=","bindings":[{"role":"roles/cloudbuild.builds.builder","members":["serviceAccount:750392845726@cloudbuild.gserviceaccount.com"]},{"role":"roles/cloudbuild.serviceAgent","members":["serviceAccount:service-750392845726@gcp-sa-cloudbuild.iam.gserviceaccount.com"]},{"role":"roles/containerregistry.ServiceAgent","members":["serviceAccount:service-750392845726@containerregistry.iam.gserviceaccount.com"]},{"role":"roles/editor","members":["serviceAccount:750392845726-compute@developer.gserviceaccount.com"]},{"role":"roles/firebase.managementServiceAgent","members":["serviceAccount:service-750392845726@gcp-sa-firebase.iam.gserviceaccount.com"]},{"role":"roles/firebase.sdkAdminServiceAgent","members":["serviceAccount:firebase-adminsdk-fbsvc@alarmy-serwis.iam.gserviceaccount.com"]},{"role":"roles/firebaseauth.admin","members":["serviceAccount:firebase-adminsdk-fbsvc@alarmy-serwis.iam.gserviceaccount.com"]},{"role":"roles/iam.serviceAccountTokenCreator","members":["serviceAccount:firebase-adminsdk-fbsvc@alarmy-serwis.iam.gserviceaccount.com"]},{"role":"roles/owner","members":["user:pitrus42@gmail.com"]},{"role":"roles/run.serviceAgent","members":["serviceAccount:service-750392845726@serverless-robot-prod.iam.gserviceaccount.com"]}]}
[debug] [2026-04-09T21:26:50.872Z] Checked if tokens are valid: true, expires at: 1775772320787
[debug] [2026-04-09T21:26:50.872Z] Checked if tokens are valid: true, expires at: 1775772320787
[debug] [2026-04-09T21:26:50.872Z] >>> [apiv2][query] POST https://cloudresourcemanager.googleapis.com/v1/projects/alarmy-serwis:setIamPolicy [none]
[debug] [2026-04-09T21:26:50.872Z] >>> [apiv2][body] POST https://cloudresourcemanager.googleapis.com/v1/projects/alarmy-serwis:setIamPolicy {"policy":{"version":1,"etag":"BwZPDacjrMo=","bindings":[{"role":"roles/cloudbuild.builds.builder","members":["serviceAccount:750392845726@cloudbuild.gserviceaccount.com"]},{"role":"roles/cloudbuild.serviceAgent","members":["serviceAccount:service-750392845726@gcp-sa-cloudbuild.iam.gserviceaccount.com"]},{"role":"roles/containerregistry.ServiceAgent","members":["serviceAccount:service-750392845726@containerregistry.iam.gserviceaccount.com"]},{"role":"roles/editor","members":["serviceAccount:750392845726-compute@developer.gserviceaccount.com"]},{"role":"roles/firebase.managementServiceAgent","members":["serviceAccount:service-750392845726@gcp-sa-firebase.iam.gserviceaccount.com"]},{"role":"roles/firebase.sdkAdminServiceAgent","members":["serviceAccount:firebase-adminsdk-fbsvc@alarmy-serwis.iam.gserviceaccount.com"]},{"role":"roles/firebaseauth.admin","members":["serviceAccount:firebase-adminsdk-fbsvc@alarmy-serwis.iam.gserviceaccount.com"]},{"role":"roles/iam.serviceAccountTokenCreator","members":["serviceAccount:firebase-adminsdk-fbsvc@alarmy-serwis.iam.gserviceaccount.com"]},{"role":"roles/owner","members":["user:pitrus42@gmail.com"]},{"role":"roles/run.serviceAgent","members":["serviceAccount:service-750392845726@serverless-robot-prod.iam.gserviceaccount.com"]},{"role":"roles/secretmanager.admin","members":["serviceAccount:service-750392845726@gcp-sa-devconnect.iam.gserviceaccount.com"]}]},"updateMask":"bindings"}
[debug] [2026-04-09T21:26:51.440Z] <<< [apiv2][status] POST https://cloudresourcemanager.googleapis.com/v1/projects/alarmy-serwis:setIamPolicy 400
[debug] [2026-04-09T21:26:51.440Z] <<< [apiv2][body] POST https://cloudresourcemanager.googleapis.com/v1/projects/alarmy-serwis:setIamPolicy {"error":{"code":400,"message":"Service account service-750392845726@gcp-sa-devconnect.iam.gserviceaccount.com does not exist.","status":"INVALID_ARGUMENT"}}
[info] i  apphosting: generating the service identity for developerconnect.googleapis.com... 
[debug] [2026-04-09T21:26:51.440Z] Checked if tokens are valid: true, expires at: 1775772320787
[debug] [2026-04-09T21:26:51.440Z] Checked if tokens are valid: true, expires at: 1775772320787
[debug] [2026-04-09T21:26:51.440Z] >>> [apiv2][query] POST https://serviceusage.googleapis.com/v1beta1/projects/750392845726/services/developerconnect.googleapis.com:generateServiceIdentity [none]
[debug] [2026-04-09T21:26:51.440Z] >>> [apiv2][(partial)header] POST https://serviceusage.googleapis.com/v1beta1/projects/750392845726/services/developerconnect.googleapis.com:generateServiceIdentity  x-goog-user-project=750392845726
[debug] [2026-04-09T21:26:51.440Z] >>> [apiv2][body] POST https://serviceusage.googleapis.com/v1beta1/projects/750392845726/services/developerconnect.googleapis.com:generateServiceIdentity {}
[debug] [2026-04-09T21:26:52.906Z] <<< [apiv2][status] POST https://serviceusage.googleapis.com/v1beta1/projects/750392845726/services/developerconnect.googleapis.com:generateServiceIdentity 200
[debug] [2026-04-09T21:26:52.906Z] <<< [apiv2][body] POST https://serviceusage.googleapis.com/v1beta1/projects/750392845726/services/developerconnect.googleapis.com:generateServiceIdentity {"name":"operations/finished.DONE_OPERATION","done":true,"response":{"@type":"type.googleapis.com/google.api.serviceusage.v1beta1.ServiceIdentity","email":"service-750392845726@gcp-sa-devconnect.iam.gserviceaccount.com","uniqueId":"100464752522271875103"}}
[debug] [2026-04-09T21:26:52.906Z] Checked if tokens are valid: true, expires at: 1775772320787
[debug] [2026-04-09T21:26:52.906Z] Checked if tokens are valid: true, expires at: 1775772320787
[debug] [2026-04-09T21:26:52.906Z] >>> [apiv2][query] POST https://cloudresourcemanager.googleapis.com/v1/projects/alarmy-serwis:getIamPolicy [none]
[debug] [2026-04-09T21:26:53.147Z] <<< [apiv2][status] POST https://cloudresourcemanager.googleapis.com/v1/projects/alarmy-serwis:getIamPolicy 200
[debug] [2026-04-09T21:26:53.147Z] <<< [apiv2][body] POST https://cloudresourcemanager.googleapis.com/v1/projects/alarmy-serwis:getIamPolicy {"version":1,"etag":"BwZPDacjrMo=","bindings":[{"role":"roles/cloudbuild.builds.builder","members":["serviceAccount:750392845726@cloudbuild.gserviceaccount.com"]},{"role":"roles/cloudbuild.serviceAgent","members":["serviceAccount:service-750392845726@gcp-sa-cloudbuild.iam.gserviceaccount.com"]},{"role":"roles/containerregistry.ServiceAgent","members":["serviceAccount:service-750392845726@containerregistry.iam.gserviceaccount.com"]},{"role":"roles/editor","members":["serviceAccount:750392845726-compute@developer.gserviceaccount.com"]},{"role":"roles/firebase.managementServiceAgent","members":["serviceAccount:service-750392845726@gcp-sa-firebase.iam.gserviceaccount.com"]},{"role":"roles/firebase.sdkAdminServiceAgent","members":["serviceAccount:firebase-adminsdk-fbsvc@alarmy-serwis.iam.gserviceaccount.com"]},{"role":"roles/firebaseauth.admin","members":["serviceAccount:firebase-adminsdk-fbsvc@alarmy-serwis.iam.gserviceaccount.com"]},{"role":"roles/iam.serviceAccountTokenCreator","members":["serviceAccount:firebase-adminsdk-fbsvc@alarmy-serwis.iam.gserviceaccount.com"]},{"role":"roles/owner","members":["user:pitrus42@gmail.com"]},{"role":"roles/run.serviceAgent","members":["serviceAccount:service-750392845726@serverless-robot-prod.iam.gserviceaccount.com"]}]}
[debug] [2026-04-09T21:26:53.147Z] Checked if tokens are valid: true, expires at: 1775772320787
[debug] [2026-04-09T21:26:53.147Z] Checked if tokens are valid: true, expires at: 1775772320787
[debug] [2026-04-09T21:26:53.147Z] >>> [apiv2][query] POST https://cloudresourcemanager.googleapis.com/v1/projects/alarmy-serwis:setIamPolicy [none]
[debug] [2026-04-09T21:26:53.147Z] >>> [apiv2][body] POST https://cloudresourcemanager.googleapis.com/v1/projects/alarmy-serwis:setIamPolicy {"policy":{"version":1,"etag":"BwZPDacjrMo=","bindings":[{"role":"roles/cloudbuild.builds.builder","members":["serviceAccount:750392845726@cloudbuild.gserviceaccount.com"]},{"role":"roles/cloudbuild.serviceAgent","members":["serviceAccount:service-750392845726@gcp-sa-cloudbuild.iam.gserviceaccount.com"]},{"role":"roles/containerregistry.ServiceAgent","members":["serviceAccount:service-750392845726@containerregistry.iam.gserviceaccount.com"]},{"role":"roles/editor","members":["serviceAccount:750392845726-compute@developer.gserviceaccount.com"]},{"role":"roles/firebase.managementServiceAgent","members":["serviceAccount:service-750392845726@gcp-sa-firebase.iam.gserviceaccount.com"]},{"role":"roles/firebase.sdkAdminServiceAgent","members":["serviceAccount:firebase-adminsdk-fbsvc@alarmy-serwis.iam.gserviceaccount.com"]},{"role":"roles/firebaseauth.admin","members":["serviceAccount:firebase-adminsdk-fbsvc@alarmy-serwis.iam.gserviceaccount.com"]},{"role":"roles/iam.serviceAccountTokenCreator","members":["serviceAccount:firebase-adminsdk-fbsvc@alarmy-serwis.iam.gserviceaccount.com"]},{"role":"roles/owner","members":["user:pitrus42@gmail.com"]},{"role":"roles/run.serviceAgent","members":["serviceAccount:service-750392845726@serverless-robot-prod.iam.gserviceaccount.com"]},{"role":"roles/secretmanager.admin","members":["serviceAccount:service-750392845726@gcp-sa-devconnect.iam.gserviceaccount.com"]}]},"updateMask":"bindings"}
[debug] [2026-04-09T21:26:54.203Z] <<< [apiv2][status] POST https://cloudresourcemanager.googleapis.com/v1/projects/alarmy-serwis:setIamPolicy 200
[debug] [2026-04-09T21:26:54.203Z] <<< [apiv2][body] POST https://cloudresourcemanager.googleapis.com/v1/projects/alarmy-serwis:setIamPolicy {"version":1,"etag":"BwZPDaz2PMA=","bindings":[{"role":"roles/cloudbuild.builds.builder","members":["serviceAccount:750392845726@cloudbuild.gserviceaccount.com"]},{"role":"roles/cloudbuild.serviceAgent","members":["serviceAccount:service-750392845726@gcp-sa-cloudbuild.iam.gserviceaccount.com"]},{"role":"roles/containerregistry.ServiceAgent","members":["serviceAccount:service-750392845726@containerregistry.iam.gserviceaccount.com"]},{"role":"roles/editor","members":["serviceAccount:750392845726-compute@developer.gserviceaccount.com"]},{"role":"roles/firebase.managementServiceAgent","members":["serviceAccount:service-750392845726@gcp-sa-firebase.iam.gserviceaccount.com"]},{"role":"roles/firebase.sdkAdminServiceAgent","members":["serviceAccount:firebase-adminsdk-fbsvc@alarmy-serwis.iam.gserviceaccount.com"]},{"role":"roles/firebaseauth.admin","members":["serviceAccount:firebase-adminsdk-fbsvc@alarmy-serwis.iam.gserviceaccount.com"]},{"role":"roles/iam.serviceAccountTokenCreator","members":["serviceAccount:firebase-adminsdk-fbsvc@alarmy-serwis.iam.gserviceaccount.com"]},{"role":"roles/owner","members":["user:pitrus42@gmail.com"]},{"role":"roles/run.serviceAgent","members":["serviceAccount:service-750392845726@serverless-robot-prod.iam.gserviceaccount.com"]},{"role":"roles/secretmanager.admin","members":["serviceAccount:service-750392845726@gcp-sa-devconnect.iam.gserviceaccount.com"]}]}
[info] +  Successfully granted the required role to the Developer Connect Service Agent!
 
[debug] [2026-04-09T21:26:54.203Z] Checked if tokens are valid: true, expires at: 1775772320787
[debug] [2026-04-09T21:26:54.203Z] Checked if tokens are valid: true, expires at: 1775772320787
[debug] [2026-04-09T21:26:54.204Z] >>> [apiv2][query] POST https://developerconnect.googleapis.com/v1/projects/alarmy-serwis/locations/europe-west4/connections connectionId=apphosting-github-conn-w9rjn06
[debug] [2026-04-09T21:26:54.204Z] >>> [apiv2][body] POST https://developerconnect.googleapis.com/v1/projects/alarmy-serwis/locations/europe-west4/connections {"githubConfig":{"githubApp":"FIREBASE"}}
[debug] [2026-04-09T21:26:55.973Z] <<< [apiv2][status] POST https://developerconnect.googleapis.com/v1/projects/alarmy-serwis/locations/europe-west4/connections 200
[debug] [2026-04-09T21:26:55.973Z] <<< [apiv2][body] POST https://developerconnect.googleapis.com/v1/projects/alarmy-serwis/locations/europe-west4/connections {"name":"projects/alarmy-serwis/locations/europe-west4/operations/operation-1775770015598-64f0dacfb860e-5fc53765-6a8a694e","metadata":{"@type":"type.googleapis.com/google.cloud.developerconnect.v1.OperationMetadata","createTime":"2026-04-09T21:26:57.080782425Z","target":"projects/alarmy-serwis/locations/europe-west4/connections/apphosting-github-conn-w9rjn06","verb":"create","requestedCancellation":false,"apiVersion":"v1"},"done":false}
[debug] [2026-04-09T21:26:55.973Z] Checked if tokens are valid: true, expires at: 1775772320787
[debug] [2026-04-09T21:26:55.973Z] Checked if tokens are valid: true, expires at: 1775772320787
[debug] [2026-04-09T21:26:55.973Z] >>> [apiv2][query] GET https://developerconnect.googleapis.com/v1/projects/alarmy-serwis/locations/europe-west4/operations/operation-1775770015598-64f0dacfb860e-5fc53765-6a8a694e [none]
[debug] [2026-04-09T21:26:56.051Z] <<< [apiv2][status] GET https://developerconnect.googleapis.com/v1/projects/alarmy-serwis/locations/europe-west4/operations/operation-1775770015598-64f0dacfb860e-5fc53765-6a8a694e 200
[debug] [2026-04-09T21:26:56.051Z] <<< [apiv2][body] GET https://developerconnect.googleapis.com/v1/projects/alarmy-serwis/locations/europe-west4/operations/operation-1775770015598-64f0dacfb860e-5fc53765-6a8a694e {"name":"projects/alarmy-serwis/locations/europe-west4/operations/operation-1775770015598-64f0dacfb860e-5fc53765-6a8a694e","metadata":{"@type":"type.googleapis.com/google.cloud.developerconnect.v1.OperationMetadata","createTime":"2026-04-09T21:26:57.080782425Z","endTime":"2026-04-09T21:26:57.111844202Z","target":"projects/alarmy-serwis/locations/europe-west4/connections/apphosting-github-conn-w9rjn06","verb":"create","requestedCancellation":false,"apiVersion":"v1"},"done":true,"response":{"@type":"type.googleapis.com/google.cloud.developerconnect.v1.Connection","name":"projects/alarmy-serwis/locations/europe-west4/connections/apphosting-github-conn-w9rjn06","createTime":"2026-04-09T21:26:57.075799808Z","updateTime":"2026-04-09T21:26:57.075799808Z","githubConfig":{"githubApp":"FIREBASE"},"installationState":{"stage":"PENDING_USER_OAUTH","message":"Please log in to https://github.com using a robot account and then follow this link to authorize Developer Connect to access that account. After authorization, your GitHub authorization token will be stored in Cloud Secret Manager.","actionUri":"https://accounts.google.com/AccountChooser?continue=https%3A%2F%2Fconsole.cloud.google.com%2Fdeveloper-connect%2Ffinish-setup%3Fstate%3D%257B%2522connection%2522%253A%2B%2522projects%252Falarmy-serwis%252Flocations%252Feurope-west4%252Fconnections%252Fapphosting-github-conn-w9rjn06%2522%257D"},"uid":"6f0fe326-8778-4336-8d30-2a20f198dcc5"}}
[info] i  Please authorize the Firebase GitHub app by visiting this url: 
[info] i  	http://localhost:9005 
[debug] [2026-04-09T21:27:55.700Z] Checked if tokens are valid: true, expires at: 1775772320787
[debug] [2026-04-09T21:27:55.700Z] Checked if tokens are valid: true, expires at: 1775772320787
[debug] [2026-04-09T21:27:55.700Z] >>> [apiv2][query] GET https://developerconnect.googleapis.com/v1/projects/alarmy-serwis/locations/europe-west4/connections/apphosting-github-conn-w9rjn06 [none]
[debug] [2026-04-09T21:27:56.073Z] <<< [apiv2][status] GET https://developerconnect.googleapis.com/v1/projects/alarmy-serwis/locations/europe-west4/connections/apphosting-github-conn-w9rjn06 200
[debug] [2026-04-09T21:27:56.073Z] <<< [apiv2][body] GET https://developerconnect.googleapis.com/v1/projects/alarmy-serwis/locations/europe-west4/connections/apphosting-github-conn-w9rjn06 {"name":"projects/alarmy-serwis/locations/europe-west4/connections/apphosting-github-conn-w9rjn06","createTime":"2026-04-09T21:26:57.075799808Z","updateTime":"2026-04-09T21:27:26.798387604Z","githubConfig":{"githubApp":"FIREBASE","authorizerCredential":{"oauthTokenSecretVersion":"projects/alarmy-serwis/secrets/apphosting-github-conn-w9rjn06-github-oauthtoken-65b698/versions/latest","username":"pitrus42-create"},"appInstallationId":"122744186","installationUri":"https://github.com/settings/installations/122744186"},"installationState":{"stage":"COMPLETE"},"uid":"6f0fe326-8778-4336-8d30-2a20f198dcc5"}
[info] +  Connected with GitHub successfully
 
[debug] [2026-04-09T21:27:56.073Z] Checked if tokens are valid: true, expires at: 1775772320787
[debug] [2026-04-09T21:27:56.073Z] Checked if tokens are valid: true, expires at: 1775772320787
[debug] [2026-04-09T21:27:56.073Z] >>> [apiv2][query] GET https://developerconnect.googleapis.com/v1/projects/alarmy-serwis/locations/europe-west4/connections/apphosting-github-conn-w9rjn06:fetchGitHubInstallations [none]
[debug] [2026-04-09T21:27:56.555Z] <<< [apiv2][status] GET https://developerconnect.googleapis.com/v1/projects/alarmy-serwis/locations/europe-west4/connections/apphosting-github-conn-w9rjn06:fetchGitHubInstallations 200
[debug] [2026-04-09T21:27:56.555Z] <<< [apiv2][body] GET https://developerconnect.googleapis.com/v1/projects/alarmy-serwis/locations/europe-west4/connections/apphosting-github-conn-w9rjn06:fetchGitHubInstallations {"installations":[{"id":"122744186","name":"pitrus42-create","type":"user"}]}
[debug] [2026-04-09T21:28:19.894Z] Checked if tokens are valid: true, expires at: 1775772320787
[debug] [2026-04-09T21:28:19.894Z] Checked if tokens are valid: true, expires at: 1775772320787
[debug] [2026-04-09T21:28:19.894Z] >>> [apiv2][query] GET https://developerconnect.googleapis.com/v1/projects/alarmy-serwis/locations/europe-west4/connections pageSize=1000&pageToken=
[debug] [2026-04-09T21:28:20.392Z] <<< [apiv2][status] GET https://developerconnect.googleapis.com/v1/projects/alarmy-serwis/locations/europe-west4/connections 200
[debug] [2026-04-09T21:28:20.392Z] <<< [apiv2][body] GET https://developerconnect.googleapis.com/v1/projects/alarmy-serwis/locations/europe-west4/connections {"connections":[{"name":"projects/alarmy-serwis/locations/europe-west4/connections/apphosting-github-conn-w9rjn06","createTime":"2026-04-09T21:26:57.075799808Z","updateTime":"2026-04-09T21:27:26.798387604Z","githubConfig":{"githubApp":"FIREBASE","authorizerCredential":{"oauthTokenSecretVersion":"projects/alarmy-serwis/secrets/apphosting-github-conn-w9rjn06-github-oauthtoken-65b698/versions/latest","username":"pitrus42-create"},"appInstallationId":"122744186","installationUri":"https://github.com/settings/installations/122744186"},"installationState":{"stage":"COMPLETE"},"uid":"6f0fe326-8778-4336-8d30-2a20f198dcc5"}]}
[info] i  Reusing matching connection apphosting-github-conn-w9rjn06 
[debug] [2026-04-09T21:28:20.393Z] Checked if tokens are valid: true, expires at: 1775772320787
[debug] [2026-04-09T21:28:20.393Z] Checked if tokens are valid: true, expires at: 1775772320787
[debug] [2026-04-09T21:28:20.393Z] >>> [apiv2][query] GET https://developerconnect.googleapis.com/v1/projects/alarmy-serwis/locations/europe-west4/connections/apphosting-github-conn-w9rjn06:fetchLinkableGitRepositories pageSize=1000&pageToken=
[debug] [2026-04-09T21:28:20.775Z] <<< [apiv2][status] GET https://developerconnect.googleapis.com/v1/projects/alarmy-serwis/locations/europe-west4/connections/apphosting-github-conn-w9rjn06:fetchLinkableGitRepositories 200
[debug] [2026-04-09T21:28:20.775Z] <<< [apiv2][body] GET https://developerconnect.googleapis.com/v1/projects/alarmy-serwis/locations/europe-west4/connections/apphosting-github-conn-w9rjn06:fetchLinkableGitRepositories {}
[debug] [2026-04-09T21:29:39.681Z] ExitPromptError: User force closed the prompt with SIGINT
    at Interface.sigint (C:\Users\pitru\AppData\Roaming\npm\node_modules\firebase-tools\node_modules\@inquirer\core\dist\commonjs\lib\create-prompt.js:101:37)
    at Interface.emit (node:events:508:28)
    at [_ttyWrite] [as _ttyWrite] (node:internal/readline/interface:1327:18)
    at ReadStream.onkeypress (node:internal/readline/interface:284:20)
    at ReadStream.emit (node:events:520:35)
    at emitKeys (node:internal/readline/utils:371:14)
    at emitKeys.next (<anonymous>)
    at ReadStream.onData (node:internal/readline/emitKeypressEvents:64:36)
    at ReadStream.emit (node:events:508:28)
    at addChunk (node:internal/streams/readable:563:12)
[error] 
[error] Error: An unexpected error has occurred.
